<?xml version="1.0" encoding="UTF-8"?>
<!-- Generated by org.testng.reporters.JUnitReportReporter -->
<testsuite skipped="0" hostname="ShivaKumar" name="oneDayPractice.PracticeAll" tests="3" failures="0" timestamp="2023-06-11T12:21:20 IST" time="16.536" errors="0">
  <testcase name="select" time="8.346" classname="oneDayPractice.PracticeAll"/>
  <system-out/>
  <testcase name="getTitle" time="0.029" classname="oneDayPractice.PracticeAll"/>
  <system-out/>
  <testcase name="alerts" time="8.161" classname="oneDayPractice.PracticeAll"/>
  <system-out/>
</testsuite> <!-- oneDayPractice.PracticeAll -->
