<?xml version="1.0" encoding="UTF-8"?>
<!-- Generated by org.testng.reporters.JUnitReportReporter -->
<testsuite skipped="0" hostname="ShivaKumar" name="dataProvider.SourceLabs" tests="3" failures="0" timestamp="2023-06-16T12:46:13 IST" time="21.616" errors="0">
  <testcase name="display" time="4.477" classname="dataProvider.SourceLabs"/>
  <system-out/>
  <testcase name="display" time="7.415" classname="dataProvider.SourceLabs"/>
  <system-out/>
  <testcase name="display" time="9.724" classname="dataProvider.SourceLabs"/>
  <system-out/>
</testsuite> <!-- dataProvider.SourceLabs -->
