<?xml version="1.0" encoding="UTF-8"?>
<!-- Generated by org.testng.reporters.JUnitReportReporter -->
<testsuite skipped="0" hostname="ShivaKumar" name="Google" tests="1" failures="0" timestamp="2023-07-16T22:31:56 IST" time="13.144" errors="0">
  <testcase name="launch" time="13.144" classname="Google"/>
  <system-out/>
</testsuite> <!-- Google -->
