<?xml version="1.0" encoding="UTF-8"?>
<!-- Generated by org.testng.reporters.JUnitReportReporter -->
<testsuite skipped="0" hostname="ShivaKumar" name="brokeLinks.BL" tests="1" failures="0" timestamp="2023-06-14T15:41:17 IST" time="6.679" errors="0">
  <testcase name="work" time="6.679" classname="brokeLinks.BL"/>
  <system-out/>
</testsuite> <!-- brokeLinks.BL -->
