<?xml version="1.0" encoding="UTF-8"?>
<!-- Generated by org.testng.reporters.JUnitReportReporter -->
<testsuite skipped="0" hostname="ShivaKumar" name="Practice" tests="1" failures="0" timestamp="2023-07-05T11:30:09 IST" time="53.015" errors="0">
  <testcase name="launch" time="53.015" classname="Practice"/>
  <system-out/>
</testsuite> <!-- Practice -->
