<?xml version="1.0" encoding="UTF-8"?>
<!-- Generated by org.testng.reporters.JUnitReportReporter -->
<testsuite skipped="1" hostname="ShivaKumar" name="Bname" tests="3" failures="0" timestamp="2023-08-01T14:23:08 IST" time="6.337" errors="0">
  <testcase name="handleAlerts" time="2.222" classname="Bname"/>
  <system-out/>
  <testcase name="prompt" time="4.115" classname="Bname"/>
  <system-out/>
  <testcase name="confirmation" classname="Bname">
    <skipped/>
  </testcase> <!-- confirmation -->
  <system-out/>
</testsuite> <!-- Bname -->
