<?xml version="1.0" encoding="UTF-8"?>
<!-- Generated by org.testng.reporters.JUnitReportReporter -->
<testsuite skipped="0" hostname="ShivaKumar" name="baseclass.Main" tests="1" failures="0" timestamp="2023-04-15T10:41:03 IST" time="0.010" errors="0">
  <testcase name="launch" time="0.010" classname="baseclass.Main"/>
  <system-out/>
</testsuite> <!-- baseclass.Main -->
