<?xml version="1.0" encoding="UTF-8"?>
<!-- Generated by org.testng.reporters.JUnitReportReporter -->
<testsuite skipped="0" hostname="ShivaKumar" name="alerts.ToolsQASimple" tests="3" failures="0" timestamp="2023-06-13T11:42:53 IST" time="49.218" errors="0">
  <testcase name="winn" time="27.918" classname="alerts.ToolsQASimple"/>
  <system-out/>
  <testcase name="launch" time="21.282" classname="alerts.ToolsQASimple"/>
  <system-out/>
  <testcase name="alert" time="0.018" classname="alerts.ToolsQASimple"/>
  <system-out/>
</testsuite> <!-- alerts.ToolsQASimple -->
