<?xml version="1.0" encoding="UTF-8"?>
<!-- Generated by org.testng.reporters.JUnitReportReporter -->
<testsuite skipped="0" hostname="ShivaKumar" name="pageFactory.PracticeScript" tests="1" failures="0" timestamp="2023-07-17T13:21:01 IST" time="7.189" errors="0">
  <testcase name="launch" time="7.189" classname="pageFactory.PracticeScript"/>
  <system-out/>
</testsuite> <!-- pageFactory.PracticeScript -->
