<?xml version="1.0" encoding="UTF-8"?>
<!-- Generated by org.testng.reporters.JUnitReportReporter -->
<testsuite skipped="0" hostname="ShivaKumar" name="automationTesting.PracticeTest" tests="2" failures="0" timestamp="2023-06-08T21:54:20 IST" time="0.010" errors="0">
  <testcase name="test2" time="0.009" classname="automationTesting.PracticeTest"/>
  <system-out/>
  <testcase name="test" time="0.001" classname="automationTesting.PracticeTest"/>
  <system-out/>
</testsuite> <!-- automationTesting.PracticeTest -->
