<?xml version="1.0" encoding="UTF-8"?>
<!-- Generated by org.testng.reporters.JUnitReportReporter -->
<testsuite skipped="0" hostname="ShivaKumar" name="windowHandle.GobalSqa" tests="1" failures="0" timestamp="2023-06-13T12:13:32 IST" time="17.195" errors="0">
  <testcase name="windowHandel" time="17.195" classname="windowHandle.GobalSqa"/>
  <system-out/>
</testsuite> <!-- windowHandle.GobalSqa -->
