<?xml version="1.0" encoding="UTF-8"?>
<!-- Generated by org.testng.reporters.JUnitReportReporter -->
<testsuite skipped="0" hostname="ShivaKumar" name="baseClass.Base" tests="1" failures="0" timestamp="2023-04-16T11:17:59 IST" time="8.968" errors="0">
  <testcase name="Launch_the_application" time="8.968" classname="baseClass.Base"/>
  <system-out/>
</testsuite> <!-- baseClass.Base -->
