<?xml version="1.0" encoding="UTF-8"?>
<!-- Generated by org.testng.reporters.JUnitReportReporter -->
<testsuite skipped="0" hostname="ShivaKumar" name="restAssured.Gett" tests="1" failures="0" timestamp="2023-07-03T11:02:25 IST" time="3.175" errors="0">
  <testcase name="run" time="3.175" classname="restAssured.Gett"/>
  <system-out/>
</testsuite> <!-- restAssured.Gett -->
