<?xml version="1.0" encoding="UTF-8"?>
<!-- Generated by org.testng.reporters.JUnitReportReporter -->
<testsuite skipped="0" hostname="ShivaKumar" name="dataProvider.DataProvider" tests="3" failures="0" timestamp="2023-08-01T14:18:41 IST" time="0.011" errors="0">
  <testcase name="display" time="0.002" classname="dataProvider.DataProvider"/>
  <system-out/>
  <testcase name="display" time="0.001" classname="dataProvider.DataProvider"/>
  <system-out/>
  <testcase name="display" time="0.008" classname="dataProvider.DataProvider"/>
  <system-out/>
</testsuite> <!-- dataProvider.DataProvider -->
