<?xml version="1.0" encoding="UTF-8"?>
<!-- Generated by org.testng.reporters.JUnitReportReporter -->
<testsuite skipped="0" hostname="ShivaKumar" name="asserts.Softassert" tests="2" failures="0" timestamp="2023-06-09T15:12:17 IST" time="64.227" errors="0">
  <testcase name="run" time="64.210" classname="asserts.Softassert"/>
  <system-out/>
  <testcase name="veriftTitle" time="0.017" classname="asserts.Softassert"/>
  <system-out/>
</testsuite> <!-- asserts.Softassert -->
